This is e-upTeX, Version 3.14159265-p3.8.3-u1.26-191112-2.6 (utf8.uptex) (TeX Live 2020/W32TeX) (preloaded format=uplatex 2020.11.8)  24 NOV 2020 17:06
entering extended mode
 restricted \write18 enabled.
 file:line:error style messages enabled.
 %&-line parsing enabled.
**マザボ部品リスト.tex
(./マザボ部品リスト.tex
pLaTeX2e <2020-10-01u04>+1 (based on LaTeX2e <2020-10-01> patch level 2)
L3 programming layer <2020-10-27> xparse <2020-03-03>
(c:/texlive/2020/texmf-dist/tex/uplatex/base/ujarticle.cls
Document Class: ujarticle 2020/09/30 v1.8f-u00 Standard upLaTeX class
\c@@paper=\count174
(c:/texlive/2020/texmf-dist/tex/uplatex/base/ujsize12.clo
File: ujsize12.clo 2020/09/30 v1.8f-u00 Standard upLaTeX file (size option)
LaTeX Font Info:    Font shape `JT2/mc/m/n' will be
(Font)              scaled to size 11.54663pt on input line 28.
LaTeX Font Info:    Font shape `JY2/mc/m/n' will be
(Font)              scaled to size 11.54663pt on input line 28.
)
\c@part=\count175
\c@section=\count176
\c@subsection=\count177
\c@subsubsection=\count178
\c@paragraph=\count179
\c@subparagraph=\count180
\c@figure=\count181
\c@table=\count182
\abovecaptionskip=\skip47
\belowcaptionskip=\skip48
\symmincho=\mathgroup4
LaTeX Font Info:    Overwriting symbol font `mincho' in version `bold'
(Font)                  JY2/mc/m/n --> JY2/gt/m/n on input line 616.
\toclineskip=\dimen154
\@lnumwidth=\dimen155
\bibindent=\dimen156
\heisei=\count183
)
(c:/texlive/2020/texmf-dist/tex/latex/geometry/geometry.sty
Package: geometry 2020/01/02 v5.9 Page Geometry

(c:/texlive/2020/texmf-dist/tex/latex/graphics/keyval.sty
Package: keyval 2014/10/28 v1.15 key=value parser (DPC)
\KV@toks@=\toks16
)
(c:/texlive/2020/texmf-dist/tex/generic/iftex/ifvtex.sty
Package: ifvtex 2019/10/25 v1.7 ifvtex legacy package. Use iftex instead.

(c:/texlive/2020/texmf-dist/tex/generic/iftex/iftex.sty
Package: iftex 2020/03/06 v1.0d TeX engine tests
))
\Gm@cnth=\count184
\Gm@cntv=\count185
\c@Gm@tempcnt=\count186
\Gm@bindingoffset=\dimen157
\Gm@wd@mp=\dimen158
\Gm@odd@mp=\dimen159
\Gm@even@mp=\dimen160
\Gm@layoutwidth=\dimen161
\Gm@layoutheight=\dimen162
\Gm@layouthoffset=\dimen163
\Gm@layoutvoffset=\dimen164
\Gm@dimlist=\toks17
)
(c:/texlive/2020/texmf-dist/tex/latex/graphics/graphicx.sty
Package: graphicx 2020/09/09 v1.2b Enhanced LaTeX Graphics (DPC,SPQR)

(c:/texlive/2020/texmf-dist/tex/latex/graphics/graphics.sty
Package: graphics 2020/08/30 v1.4c Standard LaTeX Graphics (DPC,SPQR)

(c:/texlive/2020/texmf-dist/tex/latex/graphics/trig.sty
Package: trig 2016/01/03 v1.10 sin cos tan (DPC)
)
(c:/texlive/2020/texmf-dist/tex/latex/graphics-cfg/graphics.cfg
File: graphics.cfg 2016/06/04 v1.11 sample graphics configuration
)
Package graphics Info: Driver file: dvipdfmx.def on input line 105.

(c:/texlive/2020/texmf-dist/tex/latex/graphics-def/dvipdfmx.def
File: dvipdfmx.def 2020/08/26 v5.0h Graphics/color driver for dvipdfmx
))
\Gin@req@height=\dimen165
\Gin@req@width=\dimen166
)
(c:/texlive/2020/texmf-dist/tex/latex/here/here.sty)
(c:/texlive/2020/texmf-dist/tex/latex/float/float.sty
Package: float 2001/11/08 v1.3d Float enhancements (AL)
\c@float@type=\count187
\float@exts=\toks18
\float@box=\box64
\@float@everytoks=\toks19
\@floatcapt=\box65
)
(c:/texlive/2020/texmf-dist/tex/latex/hyperref/hyperref.sty
Package: hyperref 2020-05-15 v7.00e Hypertext links for LaTeX

(c:/texlive/2020/texmf-dist/tex/generic/ltxcmds/ltxcmds.sty
Package: ltxcmds 2020-05-10 v1.25 LaTeX kernel commands for general use (HO)
)
(c:/texlive/2020/texmf-dist/tex/generic/pdftexcmds/pdftexcmds.sty
Package: pdftexcmds 2020-06-27 v0.33 Utility functions of pdfTeX for LuaTeX (HO
)

(c:/texlive/2020/texmf-dist/tex/generic/infwarerr/infwarerr.sty
Package: infwarerr 2019/12/03 v1.5 Providing info/warning/error messages (HO)
)
Package pdftexcmds Info: \pdf@primitive is available.
Package pdftexcmds Info: \pdf@ifprimitive is available.
Package pdftexcmds Info: \pdfdraftmode not found.
)
(c:/texlive/2020/texmf-dist/tex/generic/kvsetkeys/kvsetkeys.sty
Package: kvsetkeys 2019/12/15 v1.18 Key value parser (HO)
)
(c:/texlive/2020/texmf-dist/tex/generic/kvdefinekeys/kvdefinekeys.sty
Package: kvdefinekeys 2019-12-19 v1.6 Define keys (HO)
)
(c:/texlive/2020/texmf-dist/tex/generic/pdfescape/pdfescape.sty
Package: pdfescape 2019/12/09 v1.15 Implements pdfTeX's escape features (HO)
)
(c:/texlive/2020/texmf-dist/tex/latex/hycolor/hycolor.sty
Package: hycolor 2020-01-27 v1.10 Color options for hyperref/bookmark (HO)
)
(c:/texlive/2020/texmf-dist/tex/latex/letltxmacro/letltxmacro.sty
Package: letltxmacro 2019/12/03 v1.6 Let assignment for LaTeX macros (HO)
)
(c:/texlive/2020/texmf-dist/tex/latex/auxhook/auxhook.sty
Package: auxhook 2019-12-17 v1.6 Hooks for auxiliary files (HO)
)
(c:/texlive/2020/texmf-dist/tex/latex/kvoptions/kvoptions.sty
Package: kvoptions 2020-10-07 v3.14 Key value format for package options (HO)
)
\@linkdim=\dimen167
\Hy@linkcounter=\count188
\Hy@pagecounter=\count189

(c:/texlive/2020/texmf-dist/tex/latex/hyperref/pd1enc.def
File: pd1enc.def 2020-05-15 v7.00e Hyperref: PDFDocEncoding definition (HO)
Now handling font encoding PD1 ...
... no UTF-8 mapping file for font encoding PD1
)
(c:/texlive/2020/texmf-dist/tex/generic/intcalc/intcalc.sty
Package: intcalc 2019/12/15 v1.3 Expandable calculations with integers (HO)
)
(c:/texlive/2020/texmf-dist/tex/generic/etexcmds/etexcmds.sty
Package: etexcmds 2019/12/15 v1.7 Avoid name clashes with e-TeX commands (HO)
)
\Hy@SavedSpaceFactor=\count190
Package hyperref Info: Hyper figures OFF on input line 4464.
Package hyperref Info: Link nesting OFF on input line 4469.
Package hyperref Info: Hyper index ON on input line 4472.
Package hyperref Info: Plain pages OFF on input line 4479.
Package hyperref Info: Backreferencing OFF on input line 4484.
Package hyperref Info: Implicit mode ON; LaTeX internals redefined.
Package hyperref Info: Bookmarks ON on input line 4717.
\c@Hy@tempcnt=\count191

(c:/texlive/2020/texmf-dist/tex/latex/url/url.sty
\Urlmuskip=\muskip16
Package: url 2013/09/16  ver 3.4  Verb mode for urls, etc.
)
LaTeX Info: Redefining \url on input line 5076.
\XeTeXLinkMargin=\dimen168

(c:/texlive/2020/texmf-dist/tex/generic/bitset/bitset.sty
Package: bitset 2019/12/09 v1.3 Handle bit-vector datatype (HO)

(c:/texlive/2020/texmf-dist/tex/generic/bigintcalc/bigintcalc.sty
Package: bigintcalc 2019/12/15 v1.5 Expandable calculations on big integers (HO
)
))
\Fld@menulength=\count192
\Field@Width=\dimen169
\Fld@charsize=\dimen170
Package hyperref Info: Hyper figures OFF on input line 6347.
Package hyperref Info: Link nesting OFF on input line 6352.
Package hyperref Info: Hyper index ON on input line 6355.
Package hyperref Info: backreferencing OFF on input line 6362.
Package hyperref Info: Link coloring OFF on input line 6367.
Package hyperref Info: Link coloring with OCG OFF on input line 6372.
Package hyperref Info: PDF/A mode OFF on input line 6377.
LaTeX Info: Redefining \ref on input line 6417.
LaTeX Info: Redefining \pageref on input line 6421.

(c:/texlive/2020/texmf-dist/tex/latex/base/atbegshi-ltx.sty
Package: atbegshi-ltx 2020/08/17 v1.0a Emulation of the original atbegshi packa
ge
with kernel methods
)
\Hy@abspage=\count193
\c@Item=\count194
\c@Hfootnote=\count195
)
Package hyperref Info: Driver: hdvipdfm.

(c:/texlive/2020/texmf-dist/tex/latex/hyperref/hdvipdfm.def
File: hdvipdfm.def 2020-05-15 v7.00e Hyperref driver for dvipdfm
\pdfm@box=\box66
\c@Hy@AnnotLevel=\count196
\HyField@AnnotCount=\count197
\Fld@listcount=\count198
\c@bookmark@seq@number=\count199

(c:/texlive/2020/texmf-dist/tex/latex/rerunfilecheck/rerunfilecheck.sty
Package: rerunfilecheck 2019/12/05 v1.9 Rerun checks for auxiliary files (HO)

(c:/texlive/2020/texmf-dist/tex/latex/base/atveryend-ltx.sty
Package: atveryend-ltx 2020/08/19 v1.0a Emulation of the original atvery packag
e
with kernel methods
)
(c:/texlive/2020/texmf-dist/tex/generic/uniquecounter/uniquecounter.sty
Package: uniquecounter 2019/12/15 v1.4 Provide unlimited unique counter (HO)
)
Package uniquecounter Info: New unique counter `rerunfilecheck' on input line 2
86.
)
\Hy@SectionHShift=\skip49
)
(c:/texlive/2020/texmf-dist/tex/platex/pxjahyper/pxjahyper.sty
Package: pxjahyper 2020/10/10 v0.6a

(c:/texlive/2020/texmf-dist/tex/latex/etoolbox/etoolbox.sty
Package: etoolbox 2020/10/05 v2.5k e-TeX tools for LaTeX (JAW)
\etb@tempcnta=\count266
)
(c:/texlive/2020/texmf-dist/tex/platex/pxjahyper/pxjahyper-enc.sty
Package: pxjahyper-enc 2020/10/10 v0.6a
)
(c:/texlive/2020/texmf-dist/tex/latex/bxjatoucs/bxjatoucs.sty
Package: bxjatoucs 2019/10/20 v0.2
))
Package hyperref Info: Option `bookmarksnumbered' set `true' on input line 13.
Package hyperref Info: Option `colorlinks' set `true' on input line 13.
Package hyperref Info: Option `setpagesize' set `false' on input line 13.

(c:/texlive/2020/texmf-dist/tex/latex/l3backend/l3backend-dvipdfmx.def
File: l3backend-dvipdfmx.def 2020-09-24 L3 backend support: dvipdfmx
\g__graphics_track_int=\count267
\l__pdf_internal_box=\box67
\g__pdf_backend_object_int=\count268
\g__pdf_backend_annotation_int=\count269
)
(./マザボ部品リスト.aux)
\openout1 = `マザボ部品リスト.aux'.

LaTeX Font Info:    Checking defaults for OML/cmm/m/it on input line 16.
LaTeX Font Info:    ... okay on input line 16.
LaTeX Font Info:    Checking defaults for OMS/cmsy/m/n on input line 16.
LaTeX Font Info:    ... okay on input line 16.
LaTeX Font Info:    Checking defaults for OT1/cmr/m/n on input line 16.
LaTeX Font Info:    ... okay on input line 16.
LaTeX Font Info:    Checking defaults for T1/cmr/m/n on input line 16.
LaTeX Font Info:    ... okay on input line 16.
LaTeX Font Info:    Checking defaults for TS1/cmr/m/n on input line 16.
LaTeX Font Info:    ... okay on input line 16.
LaTeX Font Info:    Checking defaults for OMX/cmex/m/n on input line 16.
LaTeX Font Info:    ... okay on input line 16.
LaTeX Font Info:    Checking defaults for U/cmr/m/n on input line 16.
LaTeX Font Info:    ... okay on input line 16.
LaTeX Font Info:    Checking defaults for JY2/mc/m/n on input line 16.
LaTeX Font Info:    ... okay on input line 16.
LaTeX Font Info:    Checking defaults for JT2/mc/m/n on input line 16.
LaTeX Font Info:    ... okay on input line 16.
LaTeX Font Info:    Checking defaults for PD1/pdf/m/n on input line 16.
LaTeX Font Info:    ... okay on input line 16.

*geometry* detected driver: dvipdfm
*geometry* verbose mode - [ preamble ] result:
* driver: dvipdfm
* paper: a4paper
* layout: <same size as paper>
* layoutoffset:(h,v)=(0.0pt,0.0pt)
* modes: 
* h-part:(L,W,R)=(42.67912pt, 512.14963pt, 42.67912pt)
* v-part:(T,H,B)=(56.9055pt, 731.23584pt, 56.9055pt)
* \paperwidth=597.50787pt
* \paperheight=845.04684pt
* \textwidth=512.14963pt
* \textheight=731.23584pt
* \oddsidemargin=-29.59087pt
* \evensidemargin=-29.59087pt
* \topmargin=-52.36449pt
* \headheight=12.0pt
* \headsep=25.0pt
* \topskip=10.16103pt
* \footskip=30.0pt
* \marginparwidth=83.0pt
* \marginparsep=10.0pt
* \columnsep=10.0pt
* \skip\footins=10.8pt plus 4.0pt minus 2.0pt
* \hoffset=0.0pt
* \voffset=0.0pt
* \mag=1000
* \@twocolumnfalse
* \@twosidefalse
* \@mparswitchfalse
* \@reversemarginfalse
* (1in=72.27pt=25.4mm, 1cm=28.453pt)

(c:/texlive/2020/texmf-dist/tex/latex/graphics/color.sty
Package: color 2020/02/24 v1.2b Standard LaTeX Color (DPC)

(c:/texlive/2020/texmf-dist/tex/latex/graphics-cfg/color.cfg
File: color.cfg 2016/01/02 v1.6 sample color configuration
)
Package color Info: Driver file: dvipdfmx.def on input line 147.

(c:/texlive/2020/texmf-dist/tex/latex/graphics/dvipsnam.def
File: dvipsnam.def 2016/06/17 v3.0m Driver-dependent file (DPC,SPQR)
))
Package hyperref Info: Link coloring ON on input line 16.

(c:/texlive/2020/texmf-dist/tex/latex/hyperref/nameref.sty
Package: nameref 2019/09/16 v2.46 Cross-referencing by name of section

(c:/texlive/2020/texmf-dist/tex/latex/refcount/refcount.sty
Package: refcount 2019/12/15 v3.6 Data extraction from label references (HO)
)
(c:/texlive/2020/texmf-dist/tex/generic/gettitlestring/gettitlestring.sty
Package: gettitlestring 2019/12/15 v1.6 Cleanup title references (HO)
)
\c@section@level=\count270
)
LaTeX Info: Redefining \ref on input line 16.
LaTeX Info: Redefining \pageref on input line 16.
LaTeX Info: Redefining \nameref on input line 16.

(./マザボ部品リスト.out) (./マザボ部品リスト.out)
\@outlinefile=\write3
\openout3 = `マザボ部品リスト.out'.

LaTeX Font Info:    Font shape `JT2/mc/m/n' will be
(Font)              scaled to size 19.95642pt on input line 18.
LaTeX Font Info:    Font shape `JY2/mc/m/n' will be
(Font)              scaled to size 19.95642pt on input line 18.
LaTeX Font Info:    Font shape `JT2/mc/m/n' will be
(Font)              scaled to size 13.85594pt on input line 18.
LaTeX Font Info:    Font shape `JY2/mc/m/n' will be
(Font)              scaled to size 13.85594pt on input line 18.
LaTeX Font Info:    External font `cmex10' loaded for size
(Font)              <14.4> on input line 18.
LaTeX Font Info:    External font `cmex10' loaded for size
(Font)              <7> on input line 18.
LaTeX Font Info:    Font shape `JY2/mc/m/n' will be
(Font)              scaled to size 9.6222pt on input line 18.
LaTeX Font Info:    Font shape `JY2/mc/m/n' will be
(Font)              scaled to size 6.73553pt on input line 18.
LaTeX Font Info:    External font `cmex10' loaded for size
(Font)              <12> on input line 18.
LaTeX Font Info:    External font `cmex10' loaded for size
(Font)              <8> on input line 18.
LaTeX Font Info:    External font `cmex10' loaded for size
(Font)              <6> on input line 18.
LaTeX Font Info:    Font shape `JY2/mc/m/n' will be
(Font)              scaled to size 7.69775pt on input line 18.
LaTeX Font Info:    Font shape `JY2/mc/m/n' will be
(Font)              scaled to size 5.77332pt on input line 18.

Overfull \hbox (29.05025pt too wide) in paragraph at lines 18--65
[][][][] 
 []

[1

] (./マザボ部品リスト.aux)
Package rerunfilecheck Info: File `マザボ部品リスト.out' has not change
d.
(rerunfilecheck)             Checksum: 05B9FF7757FE6A446D8F294B02146D28;54.
 ) 
Here is how much of TeX's memory you used:
 6252 strings out of 479950
 94090 string characters out of 5887418
 417000 words of memory out of 5000000
 23381 multiletter control sequences out of 15000+600000
 573501 words of font info for 68 fonts, out of 8000000 for 9000
 929 hyphenation exceptions out of 8191
 68i,6n,75p,237b,373s stack positions out of 5000i,500n,10000p,200000b,80000s

Output written on マザボ部品リスト.dvi (1 page, 5744 bytes).
